[2020-06-12 02:07:17] local.DEBUG: agent={}  
[2020-06-12 02:07:17] local.DEBUG: NOT MOBILE!  
[2020-06-12 02:07:17] local.ERROR: View [login.login] not found. {"exception":"[object] (InvalidArgumentException(code: 0): View [login.login] not found. at /media/abrar/My Data/Server_Files/Project_June_OFFICE_SVN/trunk/ocosystem/vendor/laravel/framework/src/Illuminate/View/FileViewFinder.php:137)
[stacktrace]
#0 /media/abrar/My Data/Server_Files/Project_June_OFFICE_SVN/trunk/ocosystem/vendor/laravel/framework/src/Illuminate/View/FileViewFinder.php(79): Illuminate\\View\\FileViewFinder->findInPaths('login.login', Array)
#1 /media/abrar/My Data/Server_Files/Project_June_OFFICE_SVN/trunk/ocosystem/vendor/laravel/framework/src/Illuminate/View/Factory.php(131): Illuminate\\View\\FileViewFinder->find('login.login')
#2 /media/abrar/My Data/Server_Files/Project_June_OFFICE_SVN/trunk/ocosystem/vendor/laravel/framework/src/Illuminate/Foundation/helpers.php(971): Illuminate\\View\\Factory->make('login.login', Array, Array)
#3 /media/abrar/My Data/Server_Files/Project_June_OFFICE_SVN/trunk/ocosystem/routes/web.php(275): view('login.login')
#4 /media/abrar/My Data/Server_Files/Project_June_OFFICE_SVN/trunk/ocosystem/vendor/laravel/framework/src/Illuminate/Routing/Route.php(205): Illuminate\\Routing\\RouteFileRegistrar->{closure}()
#5 /media/abrar/My Data/Server_Files/Project_June_OFFICE_SVN/trunk/ocosystem/vendor/laravel/framework/src/Illuminate/Routing/Route.php(179): Illuminate\\Routing\\Route->runCallable()
#6 /media/abrar/My Data/Server_Files/Project_June_OFFICE_SVN/trunk/ocosystem/vendor/laravel/framework/src/Illuminate/Routing/Router.php(680): Illuminate\\Routing\\Route->run()
#7 /media/abrar/My Data/Server_Files/Project_June_OFFICE_SVN/trunk/ocosystem/vendor/laravel/framework/src/Illuminate/Routing/Pipeline.php(30): Illuminate\\Routing\\Router->Illuminate\\Routing\\{closure}(Object(Illuminate\\Http\\Request))
#8 /media/abrar/My Data/Server_Files/Project_June_OFFICE_SVN/trunk/ocosystem/vendor/laravel/framework/src/Illuminate/Routing/Middleware/SubstituteBindings.php(41): Illuminate\\Routing\\Pipeline->Illuminate\\Routing\\{closure}(Object(Illuminate\\Http\\Request))
#9 /media/abrar/My Data/Server_Files/Project_June_OFFICE_SVN/trunk/ocosystem/vendor/laravel/framework/src/Illuminate/Pipeline/Pipeline.php(163): Illuminate\\Routing\\Middleware\\SubstituteBindings->handle(Object(Illuminate\\Http\\Request), Object(Closure))
#10 /media/abrar/My Data/Server_Files/Project_June_OFFICE_SVN/trunk/ocosystem/vendor/laravel/framework/src/Illuminate/Routing/Pipeline.php(53): Illuminate\\Pipeline\\Pipeline->Illuminate\\Pipeline\\{closure}(Object(Illuminate\\Http\\Request))
#11 /media/abrar/My Data/Server_Files/Project_June_OFFICE_SVN/trunk/ocosystem/vendor/laravel/framework/src/Illuminate/Foundation/Http/Middleware/VerifyCsrfToken.php(75): Illuminate\\Routing\\Pipeline->Illuminate\\Routing\\{closure}(Object(Illuminate\\Http\\Request))
#12 /media/abrar/My Data/Server_Files/Project_June_OFFICE_SVN/trunk/ocosystem/vendor/laravel/framework/src/Illuminate/Pipeline/Pipeline.php(163): Illuminate\\Foundation\\Http\\Middleware\\VerifyCsrfToken->handle(Object(Illuminate\\Http\\Request), Object(Closure))
#13 /media/abrar/My Data/Server_Files/Project_June_OFFICE_SVN/trunk/ocosystem/vendor/laravel/framework/src/Illuminate/Routing/Pipeline.php(53): Illuminate\\Pipeline\\Pipeline->Illuminate\\Pipeline\\{closure}(Object(Illuminate\\Http\\Request))
#14 /media/abrar/My Data/Server_Files/Project_June_OFFICE_SVN/trunk/ocosystem/vendor/laravel/framework/src/Illuminate/View/Middleware/ShareErrorsFromSession.php(49): Illuminate\\Routing\\Pipeline->Illuminate\\Routing\\{closure}(Object(Illuminate\\Http\\Request))
#15 /media/abrar/My Data/Server_Files/Project_June_OFFICE_SVN/trunk/ocosystem/vendor/laravel/framework/src/Illuminate/Pipeline/Pipeline.php(163): Illuminate\\View\\Middleware\\ShareErrorsFromSession->handle(Object(Illuminate\\Http\\Request), Object(Closure))
#16 /media/abrar/My Data/Server_Files/Project_June_OFFICE_SVN/trunk/ocosystem/vendor/laravel/framework/src/Illuminate/Routing/Pipeline.php(53): Illuminate\\Pipeline\\Pipeline->Illuminate\\Pipeline\\{closure}(Object(Illuminate\\Http\\Request))
#17 /media/abrar/My Data/Server_Files/Project_June_OFFICE_SVN/trunk/ocosystem/vendor/laravel/framework/src/Illuminate/Session/Middleware/StartSession.php(56): Illuminate\\Routing\\Pipeline->Illuminate\\Routing\\{closure}(Object(Illuminate\\Http\\Request))
#18 /media/abrar/My Data/Server_Files/Project_June_OFFICE_SVN/trunk/ocosystem/vendor/laravel/framework/src/Illuminate/Pipeline/Pipeline.php(163): Illuminate\\Session\\Middleware\\StartSession->handle(Object(Illuminate\\Http\\Request), Object(Closure))
#19 /media/abrar/My Data/Server_Files/Project_June_OFFICE_SVN/trunk/ocosystem/vendor/laravel/framework/src/Illuminate/Routing/Pipeline.php(53): Illuminate\\Pipeline\\Pipeline->Illuminate\\Pipeline\\{closure}(Object(Illuminate\\Http\\Request))
#20 /media/abrar/My Data/Server_Files/Project_June_OFFICE_SVN/trunk/ocosystem/vendor/laravel/framework/src/Illuminate/Cookie/Middleware/AddQueuedCookiesToResponse.php(37): Illuminate\\Routing\\Pipeline->Illuminate\\Routing\\{closure}(Object(Illuminate\\Http\\Request))
#21 /media/abrar/My Data/Server_Files/Project_June_OFFICE_SVN/trunk/ocosystem/vendor/laravel/framework/src/Illuminate/Pipeline/Pipeline.php(163): Illuminate\\Cookie\\Middleware\\AddQueuedCookiesToResponse->handle(Object(Illuminate\\Http\\Request), Object(Closure))
#22 /media/abrar/My Data/Server_Files/Project_June_OFFICE_SVN/trunk/ocosystem/vendor/laravel/framework/src/Illuminate/Routing/Pipeline.php(53): Illuminate\\Pipeline\\Pipeline->Illuminate\\Pipeline\\{closure}(Object(Illuminate\\Http\\Request))
#23 /media/abrar/My Data/Server_Files/Project_June_OFFICE_SVN/trunk/ocosystem/vendor/laravel/framework/src/Illuminate/Cookie/Middleware/EncryptCookies.php(66): Illuminate\\Routing\\Pipeline->Illuminate\\Routing\\{closure}(Object(Illuminate\\Http\\Request))
#24 /media/abrar/My Data/Server_Files/Project_June_OFFICE_SVN/trunk/ocosystem/vendor/laravel/framework/src/Illuminate/Pipeline/Pipeline.php(163): Illuminate\\Cookie\\Middleware\\EncryptCookies->handle(Object(Illuminate\\Http\\Request), Object(Closure))
#25 /media/abrar/My Data/Server_Files/Project_June_OFFICE_SVN/trunk/ocosystem/vendor/laravel/framework/src/Illuminate/Routing/Pipeline.php(53): Illuminate\\Pipeline\\Pipeline->Illuminate\\Pipeline\\{closure}(Object(Illuminate\\Http\\Request))
#26 /media/abrar/My Data/Server_Files/Project_June_OFFICE_SVN/trunk/ocosystem/vendor/laravel/framework/src/Illuminate/Pipeline/Pipeline.php(104): Illuminate\\Routing\\Pipeline->Illuminate\\Routing\\{closure}(Object(Illuminate\\Http\\Request))
#27 /media/abrar/My Data/Server_Files/Project_June_OFFICE_SVN/trunk/ocosystem/vendor/laravel/framework/src/Illuminate/Routing/Router.php(682): Illuminate\\Pipeline\\Pipeline->then(Object(Closure))
#28 /media/abrar/My Data/Server_Files/Project_June_OFFICE_SVN/trunk/ocosystem/vendor/laravel/framework/src/Illuminate/Routing/Router.php(657): Illuminate\\Routing\\Router->runRouteWithinStack(Object(Illuminate\\Routing\\Route), Object(Illuminate\\Http\\Request))
#29 /media/abrar/My Data/Server_Files/Project_June_OFFICE_SVN/trunk/ocosystem/vendor/laravel/framework/src/Illuminate/Routing/Router.php(623): Illuminate\\Routing\\Router->runRoute(Object(Illuminate\\Http\\Request), Object(Illuminate\\Routing\\Route))
#30 /media/abrar/My Data/Server_Files/Project_June_OFFICE_SVN/trunk/ocosystem/vendor/laravel/framework/src/Illuminate/Routing/Router.php(612): Illuminate\\Routing\\Router->dispatchToRoute(Object(Illuminate\\Http\\Request))
#31 /media/abrar/My Data/Server_Files/Project_June_OFFICE_SVN/trunk/ocosystem/vendor/laravel/framework/src/Illuminate/Foundation/Http/Kernel.php(176): Illuminate\\Routing\\Router->dispatch(Object(Illuminate\\Http\\Request))
#32 /media/abrar/My Data/Server_Files/Project_June_OFFICE_SVN/trunk/ocosystem/vendor/laravel/framework/src/Illuminate/Routing/Pipeline.php(30): Illuminate\\Foundation\\Http\\Kernel->Illuminate\\Foundation\\Http\\{closure}(Object(Illuminate\\Http\\Request))
#33 /media/abrar/My Data/Server_Files/Project_June_OFFICE_SVN/trunk/ocosystem/vendor/laravel/framework/src/Illuminate/Foundation/Http/Middleware/TransformsRequest.php(21): Illuminate\\Routing\\Pipeline->Illuminate\\Routing\\{closure}(Object(Illuminate\\Http\\Request))
#34 /media/abrar/My Data/Server_Files/Project_June_OFFICE_SVN/trunk/ocosystem/vendor/laravel/framework/src/Illuminate/Pipeline/Pipeline.php(163): Illuminate\\Foundation\\Http\\Middleware\\TransformsRequest->handle(Object(Illuminate\\Http\\Request), Object(Closure))
#35 /media/abrar/My Data/Server_Files/Project_June_OFFICE_SVN/trunk/ocosystem/vendor/laravel/framework/src/Illuminate/Routing/Pipeline.php(53): Illuminate\\Pipeline\\Pipeline->Illuminate\\Pipeline\\{closure}(Object(Illuminate\\Http\\Request))
#36 /media/abrar/My Data/Server_Files/Project_June_OFFICE_SVN/trunk/ocosystem/vendor/laravel/framework/src/Illuminate/Foundation/Http/Middleware/TransformsRequest.php(21): Illuminate\\Routing\\Pipeline->Illuminate\\Routing\\{closure}(Object(Illuminate\\Http\\Request))
#37 /media/abrar/My Data/Server_Files/Project_June_OFFICE_SVN/trunk/ocosystem/vendor/laravel/framework/src/Illuminate/Pipeline/Pipeline.php(163): Illuminate\\Foundation\\Http\\Middleware\\TransformsRequest->handle(Object(Illuminate\\Http\\Request), Object(Closure))
#38 /media/abrar/My Data/Server_Files/Project_June_OFFICE_SVN/trunk/ocosystem/vendor/laravel/framework/src/Illuminate/Routing/Pipeline.php(53): Illuminate\\Pipeline\\Pipeline->Illuminate\\Pipeline\\{closure}(Object(Illuminate\\Http\\Request))
#39 /media/abrar/My Data/Server_Files/Project_June_OFFICE_SVN/trunk/ocosystem/vendor/laravel/framework/src/Illuminate/Foundation/Http/Middleware/ValidatePostSize.php(27): Illuminate\\Routing\\Pipeline->Illuminate\\Routing\\{closure}(Object(Illuminate\\Http\\Request))
#40 /media/abrar/My Data/Server_Files/Project_June_OFFICE_SVN/trunk/ocosystem/vendor/laravel/framework/src/Illuminate/Pipeline/Pipeline.php(163): Illuminate\\Foundation\\Http\\Middleware\\ValidatePostSize->handle(Object(Illuminate\\Http\\Request), Object(Closure))
#41 /media/abrar/My Data/Server_Files/Project_June_OFFICE_SVN/trunk/ocosystem/vendor/laravel/framework/src/Illuminate/Routing/Pipeline.php(53): Illuminate\\Pipeline\\Pipeline->Illuminate\\Pipeline\\{closure}(Object(Illuminate\\Http\\Request))
#42 /media/abrar/My Data/Server_Files/Project_June_OFFICE_SVN/trunk/ocosystem/vendor/laravel/framework/src/Illuminate/Foundation/Http/Middleware/CheckForMaintenanceMode.php(62): Illuminate\\Routing\\Pipeline->Illuminate\\Routing\\{closure}(Object(Illuminate\\Http\\Request))
#43 /media/abrar/My Data/Server_Files/Project_June_OFFICE_SVN/trunk/ocosystem/vendor/laravel/framework/src/Illuminate/Pipeline/Pipeline.php(163): Illuminate\\Foundation\\Http\\Middleware\\CheckForMaintenanceMode->handle(Object(Illuminate\\Http\\Request), Object(Closure))
#44 /media/abrar/My Data/Server_Files/Project_June_OFFICE_SVN/trunk/ocosystem/vendor/laravel/framework/src/Illuminate/Routing/Pipeline.php(53): Illuminate\\Pipeline\\Pipeline->Illuminate\\Pipeline\\{closure}(Object(Illuminate\\Http\\Request))
#45 /media/abrar/My Data/Server_Files/Project_June_OFFICE_SVN/trunk/ocosystem/vendor/laravel/framework/src/Illuminate/Pipeline/Pipeline.php(104): Illuminate\\Routing\\Pipeline->Illuminate\\Routing\\{closure}(Object(Illuminate\\Http\\Request))
#46 /media/abrar/My Data/Server_Files/Project_June_OFFICE_SVN/trunk/ocosystem/vendor/laravel/framework/src/Illuminate/Foundation/Http/Kernel.php(151): Illuminate\\Pipeline\\Pipeline->then(Object(Closure))
#47 /media/abrar/My Data/Server_Files/Project_June_OFFICE_SVN/trunk/ocosystem/vendor/laravel/framework/src/Illuminate/Foundation/Http/Kernel.php(116): Illuminate\\Foundation\\Http\\Kernel->sendRequestThroughRouter(Object(Illuminate\\Http\\Request))
#48 /media/abrar/My Data/Server_Files/Project_June_OFFICE_SVN/trunk/ocosystem/public/index.php(53): Illuminate\\Foundation\\Http\\Kernel->handle(Object(Illuminate\\Http\\Request))
#49 /media/abrar/My Data/Server_Files/Project_June_OFFICE_SVN/trunk/ocosystem/server.php(21): require_once('/media/abrar/My...')
#50 {main}
"} 
[2020-06-12 02:07:17] local.ERROR: file_put_contents(D:\Server_Files\Project_June_OFFICE_SVN\trunk\ocosystem\storage\framework/sessions/KQlbkVoRIwSiN4zTTscDQQdVHiTtLzDMDqXPzsKh): failed to open stream: No such file or directory {"exception":"[object] (ErrorException(code: 0): file_put_contents(D:\\Server_Files\\Project_June_OFFICE_SVN\\trunk\\ocosystem\\storage\\framework/sessions/KQlbkVoRIwSiN4zTTscDQQdVHiTtLzDMDqXPzsKh): failed to open stream: No such file or directory at /media/abrar/My Data/Server_Files/Project_June_OFFICE_SVN/trunk/ocosystem/vendor/laravel/framework/src/Illuminate/Filesystem/Filesystem.php:122)
[stacktrace]
#0 [internal function]: Illuminate\\Foundation\\Bootstrap\\HandleExceptions->handleError(2, 'file_put_conten...', '/media/abrar/My...', 122, Array)
#1 /media/abrar/My Data/Server_Files/Project_June_OFFICE_SVN/trunk/ocosystem/vendor/laravel/framework/src/Illuminate/Filesystem/Filesystem.php(122): file_put_contents('D:\\\\Server_Files...', 'a:3:{s:6:\"_toke...', 2)
#2 /media/abrar/My Data/Server_Files/Project_June_OFFICE_SVN/trunk/ocosystem/vendor/laravel/framework/src/Illuminate/Session/FileSessionHandler.php(83): Illuminate\\Filesystem\\Filesystem->put('D:\\\\Server_Files...', 'a:3:{s:6:\"_toke...', true)
#3 /media/abrar/My Data/Server_Files/Project_June_OFFICE_SVN/trunk/ocosystem/vendor/laravel/framework/src/Illuminate/Session/Store.php(129): Illuminate\\Session\\FileSessionHandler->write('KQlbkVoRIwSiN4z...', 'a:3:{s:6:\"_toke...')
#4 /media/abrar/My Data/Server_Files/Project_June_OFFICE_SVN/trunk/ocosystem/vendor/laravel/framework/src/Illuminate/Session/Middleware/StartSession.php(170): Illuminate\\Session\\Store->save()
#5 /media/abrar/My Data/Server_Files/Project_June_OFFICE_SVN/trunk/ocosystem/vendor/laravel/framework/src/Illuminate/Session/Middleware/StartSession.php(65): Illuminate\\Session\\Middleware\\StartSession->saveSession(Object(Illuminate\\Http\\Request))
#6 /media/abrar/My Data/Server_Files/Project_June_OFFICE_SVN/trunk/ocosystem/vendor/laravel/framework/src/Illuminate/Pipeline/Pipeline.php(163): Illuminate\\Session\\Middleware\\StartSession->handle(Object(Illuminate\\Http\\Request), Object(Closure))
#7 /media/abrar/My Data/Server_Files/Project_June_OFFICE_SVN/trunk/ocosystem/vendor/laravel/framework/src/Illuminate/Routing/Pipeline.php(53): Illuminate\\Pipeline\\Pipeline->Illuminate\\Pipeline\\{closure}(Object(Illuminate\\Http\\Request))
#8 /media/abrar/My Data/Server_Files/Project_June_OFFICE_SVN/trunk/ocosystem/vendor/laravel/framework/src/Illuminate/Cookie/Middleware/AddQueuedCookiesToResponse.php(37): Illuminate\\Routing\\Pipeline->Illuminate\\Routing\\{closure}(Object(Illuminate\\Http\\Request))
#9 /media/abrar/My Data/Server_Files/Project_June_OFFICE_SVN/trunk/ocosystem/vendor/laravel/framework/src/Illuminate/Pipeline/Pipeline.php(163): Illuminate\\Cookie\\Middleware\\AddQueuedCookiesToResponse->handle(Object(Illuminate\\Http\\Request), Object(Closure))
#10 /media/abrar/My Data/Server_Files/Project_June_OFFICE_SVN/trunk/ocosystem/vendor/laravel/framework/src/Illuminate/Routing/Pipeline.php(53): Illuminate\\Pipeline\\Pipeline->Illuminate\\Pipeline\\{closure}(Object(Illuminate\\Http\\Request))
#11 /media/abrar/My Data/Server_Files/Project_June_OFFICE_SVN/trunk/ocosystem/vendor/laravel/framework/src/Illuminate/Cookie/Middleware/EncryptCookies.php(66): Illuminate\\Routing\\Pipeline->Illuminate\\Routing\\{closure}(Object(Illuminate\\Http\\Request))
#12 /media/abrar/My Data/Server_Files/Project_June_OFFICE_SVN/trunk/ocosystem/vendor/laravel/framework/src/Illuminate/Pipeline/Pipeline.php(163): Illuminate\\Cookie\\Middleware\\EncryptCookies->handle(Object(Illuminate\\Http\\Request), Object(Closure))
#13 /media/abrar/My Data/Server_Files/Project_June_OFFICE_SVN/trunk/ocosystem/vendor/laravel/framework/src/Illuminate/Routing/Pipeline.php(53): Illuminate\\Pipeline\\Pipeline->Illuminate\\Pipeline\\{closure}(Object(Illuminate\\Http\\Request))
#14 /media/abrar/My Data/Server_Files/Project_June_OFFICE_SVN/trunk/ocosystem/vendor/laravel/framework/src/Illuminate/Pipeline/Pipeline.php(104): Illuminate\\Routing\\Pipeline->Illuminate\\Routing\\{closure}(Object(Illuminate\\Http\\Request))
#15 /media/abrar/My Data/Server_Files/Project_June_OFFICE_SVN/trunk/ocosystem/vendor/laravel/framework/src/Illuminate/Routing/Router.php(682): Illuminate\\Pipeline\\Pipeline->then(Object(Closure))
#16 /media/abrar/My Data/Server_Files/Project_June_OFFICE_SVN/trunk/ocosystem/vendor/laravel/framework/src/Illuminate/Routing/Router.php(657): Illuminate\\Routing\\Router->runRouteWithinStack(Object(Illuminate\\Routing\\Route), Object(Illuminate\\Http\\Request))
#17 /media/abrar/My Data/Server_Files/Project_June_OFFICE_SVN/trunk/ocosystem/vendor/laravel/framework/src/Illuminate/Routing/Router.php(623): Illuminate\\Routing\\Router->runRoute(Object(Illuminate\\Http\\Request), Object(Illuminate\\Routing\\Route))
#18 /media/abrar/My Data/Server_Files/Project_June_OFFICE_SVN/trunk/ocosystem/vendor/laravel/framework/src/Illuminate/Routing/Router.php(612): Illuminate\\Routing\\Router->dispatchToRoute(Object(Illuminate\\Http\\Request))
#19 /media/abrar/My Data/Server_Files/Project_June_OFFICE_SVN/trunk/ocosystem/vendor/laravel/framework/src/Illuminate/Foundation/Http/Kernel.php(176): Illuminate\\Routing\\Router->dispatch(Object(Illuminate\\Http\\Request))
#20 /media/abrar/My Data/Server_Files/Project_June_OFFICE_SVN/trunk/ocosystem/vendor/laravel/framework/src/Illuminate/Routing/Pipeline.php(30): Illuminate\\Foundation\\Http\\Kernel->Illuminate\\Foundation\\Http\\{closure}(Object(Illuminate\\Http\\Request))
#21 /media/abrar/My Data/Server_Files/Project_June_OFFICE_SVN/trunk/ocosystem/vendor/laravel/framework/src/Illuminate/Foundation/Http/Middleware/TransformsRequest.php(21): Illuminate\\Routing\\Pipeline->Illuminate\\Routing\\{closure}(Object(Illuminate\\Http\\Request))
#22 /media/abrar/My Data/Server_Files/Project_June_OFFICE_SVN/trunk/ocosystem/vendor/laravel/framework/src/Illuminate/Pipeline/Pipeline.php(163): Illuminate\\Foundation\\Http\\Middleware\\TransformsRequest->handle(Object(Illuminate\\Http\\Request), Object(Closure))
#23 /media/abrar/My Data/Server_Files/Project_June_OFFICE_SVN/trunk/ocosystem/vendor/laravel/framework/src/Illuminate/Routing/Pipeline.php(53): Illuminate\\Pipeline\\Pipeline->Illuminate\\Pipeline\\{closure}(Object(Illuminate\\Http\\Request))
#24 /media/abrar/My Data/Server_Files/Project_June_OFFICE_SVN/trunk/ocosystem/vendor/laravel/framework/src/Illuminate/Foundation/Http/Middleware/TransformsRequest.php(21): Illuminate\\Routing\\Pipeline->Illuminate\\Routing\\{closure}(Object(Illuminate\\Http\\Request))
#25 /media/abrar/My Data/Server_Files/Project_June_OFFICE_SVN/trunk/ocosystem/vendor/laravel/framework/src/Illuminate/Pipeline/Pipeline.php(163): Illuminate\\Foundation\\Http\\Middleware\\TransformsRequest->handle(Object(Illuminate\\Http\\Request), Object(Closure))
#26 /media/abrar/My Data/Server_Files/Project_June_OFFICE_SVN/trunk/ocosystem/vendor/laravel/framework/src/Illuminate/Routing/Pipeline.php(53): Illuminate\\Pipeline\\Pipeline->Illuminate\\Pipeline\\{closure}(Object(Illuminate\\Http\\Request))
#27 /media/abrar/My Data/Server_Files/Project_June_OFFICE_SVN/trunk/ocosystem/vendor/laravel/framework/src/Illuminate/Foundation/Http/Middleware/ValidatePostSize.php(27): Illuminate\\Routing\\Pipeline->Illuminate\\Routing\\{closure}(Object(Illuminate\\Http\\Request))
#28 /media/abrar/My Data/Server_Files/Project_June_OFFICE_SVN/trunk/ocosystem/vendor/laravel/framework/src/Illuminate/Pipeline/Pipeline.php(163): Illuminate\\Foundation\\Http\\Middleware\\ValidatePostSize->handle(Object(Illuminate\\Http\\Request), Object(Closure))
#29 /media/abrar/My Data/Server_Files/Project_June_OFFICE_SVN/trunk/ocosystem/vendor/laravel/framework/src/Illuminate/Routing/Pipeline.php(53): Illuminate\\Pipeline\\Pipeline->Illuminate\\Pipeline\\{closure}(Object(Illuminate\\Http\\Request))
#30 /media/abrar/My Data/Server_Files/Project_June_OFFICE_SVN/trunk/ocosystem/vendor/laravel/framework/src/Illuminate/Foundation/Http/Middleware/CheckForMaintenanceMode.php(62): Illuminate\\Routing\\Pipeline->Illuminate\\Routing\\{closure}(Object(Illuminate\\Http\\Request))
#31 /media/abrar/My Data/Server_Files/Project_June_OFFICE_SVN/trunk/ocosystem/vendor/laravel/framework/src/Illuminate/Pipeline/Pipeline.php(163): Illuminate\\Foundation\\Http\\Middleware\\CheckForMaintenanceMode->handle(Object(Illuminate\\Http\\Request), Object(Closure))
#32 /media/abrar/My Data/Server_Files/Project_June_OFFICE_SVN/trunk/ocosystem/vendor/laravel/framework/src/Illuminate/Routing/Pipeline.php(53): Illuminate\\Pipeline\\Pipeline->Illuminate\\Pipeline\\{closure}(Object(Illuminate\\Http\\Request))
#33 /media/abrar/My Data/Server_Files/Project_June_OFFICE_SVN/trunk/ocosystem/vendor/laravel/framework/src/Illuminate/Pipeline/Pipeline.php(104): Illuminate\\Routing\\Pipeline->Illuminate\\Routing\\{closure}(Object(Illuminate\\Http\\Request))
#34 /media/abrar/My Data/Server_Files/Project_June_OFFICE_SVN/trunk/ocosystem/vendor/laravel/framework/src/Illuminate/Foundation/Http/Kernel.php(151): Illuminate\\Pipeline\\Pipeline->then(Object(Closure))
#35 /media/abrar/My Data/Server_Files/Project_June_OFFICE_SVN/trunk/ocosystem/vendor/laravel/framework/src/Illuminate/Foundation/Http/Kernel.php(116): Illuminate\\Foundation\\Http\\Kernel->sendRequestThroughRouter(Object(Illuminate\\Http\\Request))
#36 /media/abrar/My Data/Server_Files/Project_June_OFFICE_SVN/trunk/ocosystem/public/index.php(53): Illuminate\\Foundation\\Http\\Kernel->handle(Object(Illuminate\\Http\\Request))
#37 /media/abrar/My Data/Server_Files/Project_June_OFFICE_SVN/trunk/ocosystem/server.php(21): require_once('/media/abrar/My...')
#38 {main}
"} 
